<?xml version="1.0" encoding="UTF-8"?>
<!-- Generated by org.testng.reporters.JUnitReportReporter -->
<testsuite hostname="Deepak" failures="0" tests="1" name="tests.SubmitOrder" time="6.860" errors="0" timestamp="2025-02-20T16:38:33 IST" skipped="0">
  <testcase classname="tests.SubmitOrder" name="test" time="6.860"/>
</testsuite> <!-- tests.SubmitOrder -->
