<?xml version="1.0" encoding="UTF-8"?>
<!-- Generated by org.testng.reporters.JUnitReportReporter -->
<testsuite hostname="Deepak" failures="0" tests="1" name="cucumber.TestNGTestRunner" time="5.705" errors="0" timestamp="2025-02-25T11:42:47 IST" skipped="0">
  <testcase classname="cucumber.TestNGTestRunner" name="runScenario" time="5.705"/>
</testsuite> <!-- cucumber.TestNGTestRunner -->
