<?xml version="1.0" encoding="UTF-8"?>
<!-- Generated by org.testng.reporters.JUnitReportReporter -->
<testsuite hostname="Deepak" failures="0" tests="1" name="tests.SubmitOrder" time="2.932" errors="0" timestamp="2025-02-03T20:06:47 IST" skipped="0">
  <testcase classname="tests.SubmitOrder" name="test" time="2.932"/>
</testsuite> <!-- tests.SubmitOrder -->
