<?xml version="1.0" encoding="UTF-8"?>
<!-- Generated by org.testng.reporters.JUnitReportReporter -->
<testsuite hostname="Deepak" failures="0" tests="1" name="tests.SubmitOrder" time="6.811" errors="0" timestamp="2025-02-24T11:40:30 IST" skipped="0">
  <testcase classname="tests.SubmitOrder" name="test" time="6.811"/>
</testsuite> <!-- tests.SubmitOrder -->
