<?xml version="1.0" encoding="UTF-8"?>
<!-- Generated by org.testng.reporters.JUnitReportReporter -->
<testsuite hostname="Deepak" failures="0" tests="1" name="tests.SubmitOrder" time="4.667" errors="0" timestamp="2025-02-04T16:35:42 IST" skipped="0">
  <testcase classname="tests.SubmitOrder" name="test" time="4.667"/>
</testsuite> <!-- tests.SubmitOrder -->
