<?xml version="1.0" encoding="UTF-8"?>
<!-- Generated by org.testng.reporters.JUnitReportReporter -->
<testsuite hostname="Deepak" failures="0" tests="1" name="cucumber.TestNGTestRunner" time="5.656" errors="0" timestamp="2025-02-24T11:40:01 IST" skipped="0">
  <testcase classname="cucumber.TestNGTestRunner" name="runScenario" time="5.656"/>
</testsuite> <!-- cucumber.TestNGTestRunner -->
